<?xml version="1.0" encoding="UTF-8"?>
<!-- Generated by org.testng.reporters.JUnitReportReporter -->
<testsuite skipped="0" hostname="ip-172-28-67-188.eu-west-1.compute.internal" name="rest.assured.framework.request.GetDataTest" tests="1" failures="0" timestamp="15 May 2019 12:05:49 GMT" time="1.329" errors="0">
  <testcase name="testResponseCode" time="1.329" classname="rest.assured.framework.request.GetDataTest"/>
</testsuite> <!-- rest.assured.framework.request.GetDataTest -->
